#
# A fatal error has been detected by the Java Runtime Environment:
#
#  EXCEPTION_ACCESS_VIOLATION (0xc0000005) at pc=0x000000005e99b810, pid=5312, tid=6012
#
# JRE version: Java(TM) SE Runtime Environment (7.0_45-b18) (build 1.7.0_45-b18)
# Java VM: Java HotSpot(TM) 64-Bit Server VM (24.45-b08 mixed mode windows-amd64 compressed oops)
# Problematic frame:
# C  [atio6axx.dll+0x24b810]
#
# Failed to write core dump. Minidumps are not enabled by default on client versions of Windows
#
# If you would like to submit a bug report, please visit:
#   http://bugreport.sun.com/bugreport/crash.jsp
# The crash happened outside the Java Virtual Machine in native code.
# See problematic frame for where to report the bug.
#

---------------  T H R E A D  ---------------

Current thread (0x0000000009ec1000):  JavaThread "AWT-EventQueue-0" [_thread_in_native, id=6012, stack(0x000000000a5b0000,0x000000000a6b0000)]

siginfo: ExceptionCode=0xc0000005, reading address 0x0000000000000000

Registers:
RAX=0x0000000000000010, RBX=0x0000000000000001, RCX=0x000000001018d000, RDX=0x000000001018d060
RSP=0x000000000a6ad240, RBP=0x0000000000000003, RSI=0x0000000000000006, RDI=0x000000001018d000
R8 =0x000000001018d059, R9 =0x0000000000000000, R10=0x000000000e5d9020, R11=0x0000000000000000
R12=0x000000000e5d8db0, R13=0x0000000000000060, R14=0x0000000000000006, R15=0x0000000000000010
RIP=0x000000005e99b810, EFLAGS=0x0000000000010293

Top of Stack: (sp=0x000000000a6ad240)
0x000000000a6ad240:   000000000e3d64e0 000000000001d000
0x000000000a6ad250:   0000000000000060 000000005fa6b33f
0x000000000a6ad260:   0000000000000002 0000000000000030
0x000000000a6ad270:   0000000000000001 000000000e599b40
0x000000000a6ad280:   000000000e5d8780 000000005f0922dd
0x000000000a6ad290:   000000000e5b7300 000000000d24b720
0x000000000a6ad2a0:   000000000021dc00 0000000076eb2a7a
0x000000000a6ad2b0:   000000000d24b720 000000005f092d7a
0x000000000a6ad2c0:   000000000f0a6690 000000000e599b40
0x000000000a6ad2d0:   000000000e5b7300 000000005fa6b2c0
0x000000000a6ad2e0:   0000000000000000 000000000e4552b0
0x000000000a6ad2f0:   000000000e47a430 00000000ffffffff
0x000000000a6ad300:   000000000f0a6690 0000000000000000
0x000000000a6ad310:   0000000000000000 0000000000000000
0x000000000a6ad320:   000000000e522e10 0000000000000000
0x000000000a6ad330:   000000005e750000 000000000d27b8e0 

Instructions: (pc=0x000000005e99b810)
0x000000005e99b7f0:   f0 ff e9 69 01 00 00 41 8b d5 48 03 d7 4c 8d 42
0x000000005e99b800:   f9 49 3b f8 73 1e 66 66 0f 1f 84 00 00 00 00 00
0x000000005e99b810:   49 8b 01 48 83 c1 08 49 83 c1 08 48 89 41 f8 49
0x000000005e99b820:   3b c8 72 ec 4c 8d 42 fd 49 3b c8 73 16 0f 1f 00 


Register to memory mapping:

RAX=0x0000000000000010 is an unknown value
RBX=0x0000000000000001 is an unknown value
RCX=0x000000001018d000 is an unknown value
RDX=0x000000001018d060 is an unknown value
RSP=0x000000000a6ad240 is pointing into the stack for thread: 0x0000000009ec1000
RBP=0x0000000000000003 is an unknown value
RSI=0x0000000000000006 is an unknown value
RDI=0x000000001018d000 is an unknown value
R8 =0x000000001018d059 is an unknown value
R9 =0x0000000000000000 is an unknown value
R10=0x000000000e5d9020 is an unknown value
R11=0x0000000000000000 is an unknown value
R12=0x000000000e5d8db0 is an unknown value
R13=0x0000000000000060 is an unknown value
R14=0x0000000000000006 is an unknown value
R15=0x0000000000000010 is an unknown value


Stack: [0x000000000a5b0000,0x000000000a6b0000],  sp=0x000000000a6ad240,  free space=1012k
Native frames: (J=compiled Java code, j=interpreted, Vv=VM code, C=native code)
C  [atio6axx.dll+0x24b810]

Java frames: (J=compiled Java code, j=interpreted, Vv=VM code)
j  jogamp.opengl.gl4.GL4bcImpl.dispatch_glDrawElements1(IIIJJ)V+0
j  jogamp.opengl.gl4.GL4bcImpl.glDrawElements(IIIJ)V+47
j  com.galaxyws.aircraftdemo.model.VBO.render(Ljavax/media/opengl/GLAutoDrawable;)V+71
j  com.galaxyws.aircraftdemo.view.Renderer.renderModel(Ljavax/media/opengl/GLAutoDrawable;Lcom/galaxyws/aircraftdemo/model/Model;)V+127
j  com.galaxyws.aircraftdemo.controller.Scene.display(Ljavax/media/opengl/GLAutoDrawable;)V+16
j  com.galaxyws.aircraftdemo.Main.display(Ljavax/media/opengl/GLAutoDrawable;)V+5
j  jogamp.opengl.GLDrawableHelper.displayImpl(Ljavax/media/opengl/GLAutoDrawable;)V+81
j  jogamp.opengl.GLDrawableHelper.display(Ljavax/media/opengl/GLAutoDrawable;)V+2
j  javax.media.opengl.awt.GLCanvas$9.run()V+118
j  jogamp.opengl.GLDrawableHelper.invokeGLImpl(Ljavax/media/opengl/GLDrawable;Ljavax/media/opengl/GLContext;Ljava/lang/Runnable;Ljava/lang/Runnable;)V+206
j  jogamp.opengl.GLDrawableHelper.invokeGL(Ljavax/media/opengl/GLDrawable;Ljavax/media/opengl/GLContext;Ljava/lang/Runnable;Ljava/lang/Runnable;)V+80
j  javax.media.opengl.awt.GLCanvas$10.run()V+73
j  java.awt.event.InvocationEvent.dispatch()V+11
j  java.awt.EventQueue.dispatchEventImpl(Ljava/awt/AWTEvent;Ljava/lang/Object;)V+21
j  java.awt.EventQueue.access$200(Ljava/awt/EventQueue;Ljava/awt/AWTEvent;Ljava/lang/Object;)V+3
j  java.awt.EventQueue$3.run()Ljava/lang/Void;+12
j  java.awt.EventQueue$3.run()Ljava/lang/Object;+1
v  ~StubRoutines::call_stub
j  java.security.AccessController.doPrivileged(Ljava/security/PrivilegedAction;Ljava/security/AccessControlContext;)Ljava/lang/Object;+0
j  java.security.ProtectionDomain$1.doIntersectionPrivilege(Ljava/security/PrivilegedAction;Ljava/security/AccessControlContext;Ljava/security/AccessControlContext;)Ljava/lang/Object;+28
j  java.awt.EventQueue.dispatchEvent(Ljava/awt/AWTEvent;)V+46
j  java.awt.EventDispatchThread.pumpOneEventForFilters(I)V+245
j  java.awt.EventDispatchThread.pumpEventsForFilter(ILjava/awt/Conditional;Ljava/awt/EventFilter;)V+35
j  java.awt.EventDispatchThread.pumpEventsForHierarchy(ILjava/awt/Conditional;Ljava/awt/Component;)V+11
j  java.awt.EventDispatchThread.pumpEvents(ILjava/awt/Conditional;)V+4
j  java.awt.EventDispatchThread.pumpEvents(Ljava/awt/Conditional;)V+3
j  java.awt.EventDispatchThread.run()V+9
v  ~StubRoutines::call_stub

---------------  P R O C E S S  ---------------

Java Threads: ( => current thread )
  0x000000000b1a8000 JavaThread "D3D Screen Updater" daemon [_thread_blocked, id=3648, stack(0x00000000102f0000,0x00000000103f0000)]
  0x000000000b19d800 JavaThread "AWT-EventQueue-0-FPSAWTAnimator-Timer0" [_thread_blocked, id=1304, stack(0x0000000010070000,0x0000000010170000)]
  0x000000000a1df800 JavaThread "AWT-EventQueue-0-SharedResourceRunner" daemon [_thread_blocked, id=2188, stack(0x000000000df70000,0x000000000e070000)]
  0x00000000025be000 JavaThread "DestroyJavaVM" [_thread_blocked, id=4080, stack(0x0000000002880000,0x0000000002980000)]
=>0x0000000009ec1000 JavaThread "AWT-EventQueue-0" [_thread_in_native, id=6012, stack(0x000000000a5b0000,0x000000000a6b0000)]
  0x0000000009f6e800 JavaThread "AWT-Windows" daemon [_thread_in_native, id=5152, stack(0x000000000a450000,0x000000000a550000)]
  0x0000000009f6d800 JavaThread "AWT-Shutdown" [_thread_blocked, id=1176, stack(0x000000000a2b0000,0x000000000a3b0000)]
  0x0000000009f6d000 JavaThread "Java2D Disposer" daemon [_thread_blocked, id=1708, stack(0x00000000090d0000,0x00000000091d0000)]
  0x00000000084f6000 JavaThread "Service Thread" daemon [_thread_blocked, id=4252, stack(0x00000000098e0000,0x00000000099e0000)]
  0x00000000084eb800 JavaThread "C2 CompilerThread1" daemon [_thread_blocked, id=5788, stack(0x0000000009b70000,0x0000000009c70000)]
  0x00000000084e1000 JavaThread "C2 CompilerThread0" daemon [_thread_blocked, id=2156, stack(0x00000000099e0000,0x0000000009ae0000)]
  0x00000000084df000 JavaThread "Attach Listener" daemon [_thread_blocked, id=4992, stack(0x0000000009750000,0x0000000009850000)]
  0x00000000084de800 JavaThread "Signal Dispatcher" daemon [_thread_blocked, id=5276, stack(0x0000000009590000,0x0000000009690000)]
  0x0000000001cdc000 JavaThread "Finalizer" daemon [_thread_blocked, id=5956, stack(0x00000000093c0000,0x00000000094c0000)]
  0x0000000001cd8800 JavaThread "Reference Handler" daemon [_thread_blocked, id=1128, stack(0x00000000091e0000,0x00000000092e0000)]

Other Threads:
  0x0000000008472000 VMThread [stack: 0x0000000008fb0000,0x00000000090b0000] [id=3540]
  0x0000000008500000 WatcherThread [stack: 0x0000000009d70000,0x0000000009e70000] [id=3868]

VM state:not at safepoint (normal execution)

VM Mutex/Monitor currently owned by a thread: None

Heap
 PSYoungGen      total 19456K, used 15287K [0x00000000eaa80000, 0x00000000ed080000, 0x0000000100000000)
  eden space 16896K, 75% used [0x00000000eaa80000,0x00000000eb6f3ed0,0x00000000ebb00000)
  from space 2560K, 99% used [0x00000000ebb00000,0x00000000ebd79ed0,0x00000000ebd80000)
  to   space 2560K, 0% used [0x00000000ece00000,0x00000000ece00000,0x00000000ed080000)
 ParOldGen       total 43520K, used 694K [0x00000000c0000000, 0x00000000c2a80000, 0x00000000eaa80000)
  object space 43520K, 1% used [0x00000000c0000000,0x00000000c00ada48,0x00000000c2a80000)
 PSPermGen       total 21504K, used 15177K [0x00000000bae00000, 0x00000000bc300000, 0x00000000c0000000)
  object space 21504K, 70% used [0x00000000bae00000,0x00000000bbcd24b0,0x00000000bc300000)

Card table byte_map: [0x0000000005980000,0x0000000005bb0000] byte_map_base: 0x00000000053a9000

Polling page: 0x00000000001b0000

Code Cache  [0x0000000002980000, 0x0000000002bf0000, 0x0000000005980000)
 total_blobs=830 nmethods=70 adapters=713 free_code_cache=48340Kb largest_free_block=49470400

Compilation events (10 events):
Event: 1.865 Thread 0x00000000084e1000   66             sun.awt.image.ByteInterleavedRaster::getDataElements (132 bytes)
Event: 1.867 Thread 0x00000000084eb800   67             java.awt.image.ComponentColorModel::getRGBComponent (111 bytes)
Event: 1.868 Thread 0x00000000084e1000 nmethod 66 0x0000000002a4be50 code [0x0000000002a4bfa0, 0x0000000002a4c1d8]
Event: 1.868 Thread 0x00000000084eb800 nmethod 67 0x0000000002a48cd0 code [0x0000000002a48e80, 0x0000000002a490d0]
Event: 1.868 Thread 0x00000000084eb800   68             java.awt.image.ComponentColorModel::extractComponent (530 bytes)
Event: 1.877 Thread 0x00000000084eb800 nmethod 68 0x0000000002a4c990 code [0x0000000002a4cba0, 0x0000000002a4d458]
Event: 1.878 Thread 0x00000000084e1000   69             jogamp.opengl.util.pngj.PngReader::unfilterRowPaeth (98 bytes)
Event: 1.878 Thread 0x00000000084eb800   70             jogamp.opengl.util.pngj.PngHelperInternal::filterPaethPredictor (81 bytes)
Event: 1.879 Thread 0x00000000084eb800 nmethod 70 0x0000000002a4c750 code [0x0000000002a4c880, 0x0000000002a4c918]
Event: 1.885 Thread 0x00000000084e1000 nmethod 69 0x0000000002a485d0 code [0x0000000002a48720, 0x0000000002a48b98]

GC Heap History (2 events):
Event: 1.056 GC heap before
{Heap before GC invocations=1 (full 0):
 PSYoungGen      total 19456K, used 16896K [0x00000000eaa80000, 0x00000000ec000000, 0x0000000100000000)
  eden space 16896K, 100% used [0x00000000eaa80000,0x00000000ebb00000,0x00000000ebb00000)
  from space 2560K, 0% used [0x00000000ebd80000,0x00000000ebd80000,0x00000000ec000000)
  to   space 2560K, 0% used [0x00000000ebb00000,0x00000000ebb00000,0x00000000ebd80000)
 ParOldGen       total 43520K, used 0K [0x00000000c0000000, 0x00000000c2a80000, 0x00000000eaa80000)
  object space 43520K, 0% used [0x00000000c0000000,0x00000000c0000000,0x00000000c2a80000)
 PSPermGen       total 21504K, used 11319K [0x00000000bae00000, 0x00000000bc300000, 0x00000000c0000000)
  object space 21504K, 52% used [0x00000000bae00000,0x00000000bb90de78,0x00000000bc300000)
Event: 1.067 GC heap after
Heap after GC invocations=1 (full 0):
 PSYoungGen      total 19456K, used 2535K [0x00000000eaa80000, 0x00000000ed080000, 0x0000000100000000)
  eden space 16896K, 0% used [0x00000000eaa80000,0x00000000eaa80000,0x00000000ebb00000)
  from space 2560K, 99% used [0x00000000ebb00000,0x00000000ebd79ed0,0x00000000ebd80000)
  to   space 2560K, 0% used [0x00000000ece00000,0x00000000ece00000,0x00000000ed080000)
 ParOldGen       total 43520K, used 694K [0x00000000c0000000, 0x00000000c2a80000, 0x00000000eaa80000)
  object space 43520K, 1% used [0x00000000c0000000,0x00000000c00ada48,0x00000000c2a80000)
 PSPermGen       total 21504K, used 11319K [0x00000000bae00000, 0x00000000bc300000, 0x00000000c0000000)
  object space 21504K, 52% used [0x00000000bae00000,0x00000000bb90de78,0x00000000bc300000)
}

Deoptimization events (8 events):
Event: 1.133 Thread 0x000000000a1df800 Uncommon trap: reason=unreached action=reinterpret pc=0x0000000002a32258 method=java.lang.Class.searchFields([Ljava/lang/reflect/Field;Ljava/lang/String;)Ljava/lang/reflect/Field; @ 23
Event: 1.413 Thread 0x0000000009ec1000 Uncommon trap: reason=bimorphic action=maybe_recompile pc=0x0000000002a2d980 method=java.util.HashMap.getEntry(Ljava/lang/Object;)Ljava/util/HashMap$Entry; @ 68
Event: 1.413 Thread 0x0000000009ec1000 Uncommon trap: reason=bimorphic action=maybe_recompile pc=0x0000000002a2d980 method=java.util.HashMap.getEntry(Ljava/lang/Object;)Ljava/util/HashMap$Entry; @ 68
Event: 1.413 Thread 0x0000000009ec1000 Uncommon trap: reason=bimorphic action=maybe_recompile pc=0x0000000002a2d980 method=java.util.HashMap.getEntry(Ljava/lang/Object;)Ljava/util/HashMap$Entry; @ 68
Event: 1.413 Thread 0x0000000009ec1000 Uncommon trap: reason=bimorphic action=maybe_recompile pc=0x0000000002a2d980 method=java.util.HashMap.getEntry(Ljava/lang/Object;)Ljava/util/HashMap$Entry; @ 68
Event: 1.436 Thread 0x0000000009ec1000 Uncommon trap: reason=null_check action=make_not_entrant pc=0x00000000029f04e8 method=java.lang.String.equals(Ljava/lang/Object;)Z @ 8
Event: 1.453 Thread 0x0000000009ec1000 Uncommon trap: reason=unreached action=reinterpret pc=0x0000000002a274a8 method=java.lang.AbstractStringBuilder.append(Ljava/lang/String;)Ljava/lang/AbstractStringBuilder; @ 1
Event: 1.454 Thread 0x0000000009ec1000 Uncommon trap: reason=unreached action=reinterpret pc=0x0000000002a27d28 method=java.lang.AbstractStringBuilder.append(Ljava/lang/String;)Ljava/lang/AbstractStringBuilder; @ 1

Internal exceptions (10 events):
Event: 1.847 Thread 0x0000000009ec1000 Threw 0x00000000eb693550 at C:\re\jdk7u45\229\hotspot\src\share\vm\prims\jvm.cpp:1244
Event: 1.854 Thread 0x0000000009ec1000 Threw 0x00000000eb697590 at C:\re\jdk7u45\229\hotspot\src\share\vm\prims\jvm.cpp:1244
Event: 1.855 Thread 0x0000000009ec1000 Threw 0x00000000eb69b7e8 at C:\re\jdk7u45\229\hotspot\src\share\vm\prims\jvm.cpp:1244
Event: 1.855 Thread 0x0000000009ec1000 Threw 0x00000000eb6a2000 at C:\re\jdk7u45\229\hotspot\src\share\vm\prims\jvm.cpp:1244
Event: 1.856 Thread 0x0000000009ec1000 Threw 0x00000000eb6a6040 at C:\re\jdk7u45\229\hotspot\src\share\vm\prims\jvm.cpp:1244
Event: 1.857 Thread 0x0000000009ec1000 Threw 0x00000000eb6b2680 at C:\re\jdk7u45\229\hotspot\src\share\vm\prims\jvm.cpp:1244
Event: 1.858 Thread 0x0000000009ec1000 Threw 0x00000000eb6b6758 at C:\re\jdk7u45\229\hotspot\src\share\vm\prims\jvm.cpp:1244
Event: 1.861 Thread 0x0000000009ec1000 Threw 0x00000000eb6ba9e0 at C:\re\jdk7u45\229\hotspot\src\share\vm\prims\jvm.cpp:1244
Event: 1.861 Thread 0x0000000009ec1000 Threw 0x00000000eb6bc548 at C:\re\jdk7u45\229\hotspot\src\share\vm\prims\jvm.cpp:1244
Event: 1.861 Thread 0x0000000009ec1000 Threw 0x00000000eb6bdc20 at C:\re\jdk7u45\229\hotspot\src\share\vm\prims\jvm.cpp:1244

Events (10 events):
Event: 1.857 loading class 0x000000000b5136a0
Event: 1.857 loading class 0x000000000b5136a0 done
Event: 1.858 loading class 0x000000000b07dfc0
Event: 1.858 loading class 0x000000000b07dfc0 done
Event: 1.861 loading class 0x000000000b07e040
Event: 1.861 loading class 0x000000000b07e040 done
Event: 1.861 loading class 0x000000000b07e3c0
Event: 1.861 loading class 0x000000000b07e3c0 done
Event: 1.861 loading class 0x000000000b51b8b0
Event: 1.861 loading class 0x000000000b51b8b0 done


Dynamic libraries:
0x000000013fb20000 - 0x000000013fb53000 	C:\Program Files\Java\jre7\bin\javaw.exe
0x0000000076fb0000 - 0x000000007715c000 	C:\Windows\SYSTEM32\ntdll.dll
0x0000000076e90000 - 0x0000000076faf000 	C:\Windows\system32\kernel32.dll
0x000007fefcee0000 - 0x000007fefcf4c000 	C:\Windows\system32\KERNELBASE.dll
0x000007fefec60000 - 0x000007fefed3b000 	C:\Windows\system32\ADVAPI32.dll
0x000007fefebc0000 - 0x000007fefec5f000 	C:\Windows\system32\msvcrt.dll
0x000007fefe6b0000 - 0x000007fefe6cf000 	C:\Windows\SYSTEM32\sechost.dll
0x000007fefd3c0000 - 0x000007fefd4ee000 	C:\Windows\system32\RPCRT4.dll
0x0000000076c50000 - 0x0000000076d4a000 	C:\Windows\system32\USER32.dll
0x000007fefea30000 - 0x000007fefea97000 	C:\Windows\system32\GDI32.dll
0x000007fefe390000 - 0x000007fefe39e000 	C:\Windows\system32\LPK.dll
0x000007fefe4b0000 - 0x000007fefe57a000 	C:\Windows\system32\USP10.dll
0x000007fefb770000 - 0x000007fefb964000 	C:\Windows\WinSxS\amd64_microsoft.windows.common-controls_6595b64144ccf1df_6.0.7600.16385_none_fa645303170382f6\COMCTL32.dll
0x000007fefe280000 - 0x000007fefe2f1000 	C:\Windows\system32\SHLWAPI.dll
0x000007fefeaa0000 - 0x000007fefeace000 	C:\Windows\system32\IMM32.DLL
0x000007fefe3a0000 - 0x000007fefe4a9000 	C:\Windows\system32\MSCTF.dll
0x0000000073f90000 - 0x0000000074062000 	C:\Program Files\Java\jre7\bin\msvcr100.dll
0x00000000737c0000 - 0x0000000073f89000 	C:\Program Files\Java\jre7\bin\server\jvm.dll
0x000007fefb760000 - 0x000007fefb769000 	C:\Windows\system32\WSOCK32.dll
0x000007fefeb70000 - 0x000007fefebbd000 	C:\Windows\system32\WS2_32.dll
0x000007fefd150000 - 0x000007fefd158000 	C:\Windows\system32\NSI.dll
0x000007fefce70000 - 0x000007fefceab000 	C:\Windows\system32\WINMM.dll
0x0000000077180000 - 0x0000000077187000 	C:\Windows\system32\PSAPI.DLL
0x0000000074160000 - 0x000000007416f000 	C:\Program Files\Java\jre7\bin\verify.dll
0x0000000073790000 - 0x00000000737b8000 	C:\Program Files\Java\jre7\bin\java.dll
0x0000000073770000 - 0x0000000073785000 	C:\Program Files\Java\jre7\bin\zip.dll
0x0000000066b90000 - 0x0000000066d25000 	C:\Program Files\Java\jre7\bin\awt.dll
0x000007fefe950000 - 0x000007fefea27000 	C:\Windows\system32\OLEAUT32.dll
0x000007fefeed0000 - 0x000007feff0d2000 	C:\Windows\system32\ole32.dll
0x000007fefb590000 - 0x000007fefb5e6000 	C:\Windows\system32\uxtheme.dll
0x0000000010000000 - 0x0000000010041000 	C:\Program Files (x86)\ATI Technologies\HydraVision\HydraDMH64.dll
0x000007fefce30000 - 0x000007fefce48000 	C:\Windows\system32\dwmapi.dll
0x000007fefcbd0000 - 0x000007fefcbdf000 	C:\Windows\system32\CRYPTBASE.dll
0x0000000002580000 - 0x00000000025aa000 	C:\Program Files (x86)\MyDrivers\DriverGenius2013\dghmpg64.dll
0x000007fefd4f0000 - 0x000007fefe277000 	C:\Windows\system32\SHELL32.dll
0x000007fefc550000 - 0x000007fefc567000 	C:\Windows\system32\CRYPTSP.dll
0x000007fefc250000 - 0x000007fefc297000 	C:\Windows\system32\rsaenh.dll
0x000007fefc030000 - 0x000007fefc04e000 	C:\Windows\system32\USERENV.dll
0x000007fefcce0000 - 0x000007fefccef000 	C:\Windows\system32\profapi.dll
0x0000000073750000 - 0x0000000073769000 	C:\Program Files\Java\jre7\bin\net.dll
0x000007fefc4f0000 - 0x000007fefc544000 	C:\Windows\system32\mswsock.dll
0x000007fefc4e0000 - 0x000007fefc4e7000 	C:\Windows\System32\wship6.dll
0x000007fefa9f0000 - 0x000007fefaa05000 	C:\Windows\system32\NLAapi.dll
0x000007fefc370000 - 0x000007fefc3cb000 	C:\Windows\system32\DNSAPI.dll
0x000007fef7b00000 - 0x000007fef7b0b000 	C:\Windows\System32\winrnr.dll
0x000007fef7ae0000 - 0x000007fef7af5000 	C:\Windows\system32\napinsp.dll
0x000007fef7ac0000 - 0x000007fef7ad9000 	C:\Windows\system32\pnrpnsp.dll
0x000007fef7ab0000 - 0x000007fef7ac0000 	C:\Windows\system32\wshbth.dll
0x000007fefbf20000 - 0x000007fefbf27000 	C:\Windows\System32\wshtcpip.dll
0x000007fefa790000 - 0x000007fefa7b7000 	C:\Windows\system32\IPHLPAPI.DLL
0x000007fefa780000 - 0x000007fefa78b000 	C:\Windows\system32\WINNSI.DLL
0x000007fef8270000 - 0x000007fef8278000 	C:\Windows\system32\rasadhlp.dll
0x000007fefa250000 - 0x000007fefa2a3000 	C:\Windows\System32\fwpuclnt.dll
0x000000006fdb0000 - 0x000000006fdc1000 	C:\Program Files\Java\jre7\bin\nio.dll
0x00000000637c0000 - 0x00000000637cd000 	C:\Users\Administrator\AppData\Local\Temp\jogamp_0000\file_cache\jln3485160507985866384\jln6064348662353842198\gluegen-rt.dll
0x0000000074080000 - 0x0000000074087000 	C:\Program Files\Java\jre7\bin\jawt.dll
0x000000006a440000 - 0x000000006a44d000 	C:\Users\Administrator\AppData\Local\Temp\jogamp_0000\file_cache\jln3485160507985866384\jln6064348662353842198\nativewindow_awt.dll
0x000007fee5000000 - 0x000007fee51ff000 	C:\Windows\system32\d3d9.dll
0x000007fefbe30000 - 0x000007fefbe3c000 	C:\Windows\system32\VERSION.dll
0x000007fef7560000 - 0x000007fef7567000 	C:\Windows\system32\d3d8thk.dll
0x000007fef67e0000 - 0x000007fef6910000 	C:\Windows\system32\aticfx64.dll
0x000007fef74e0000 - 0x000007fef7500000 	C:\Windows\system32\atiu9p64.dll
0x000007fee4910000 - 0x000007fee4ff8000 	C:\Windows\system32\atiumd64.dll
0x0000000067820000 - 0x0000000067e99000 	C:\Windows\system32\atiumd6a.dll
0x000000006c100000 - 0x000000006c10e000 	C:\Users\Administrator\AppData\Local\Temp\jogamp_0000\file_cache\jln3485160507985866384\jln6064348662353842198\nativewindow_win32.dll
0x000007fee3880000 - 0x000007fee399d000 	C:\Windows\system32\OpenGL32.dll
0x000007fefa690000 - 0x000007fefa6bd000 	C:\Windows\system32\GLU32.dll
0x000007fefe850000 - 0x000007fefe941000 	C:\Windows\system32\DDRAW.dll
0x000007fefd140000 - 0x000007fefd148000 	C:\Windows\system32\DCIMAN32.dll
0x000007feff0e0000 - 0x000007feff2b7000 	C:\Windows\system32\SETUPAPI.dll
0x000007fefd100000 - 0x000007fefd136000 	C:\Windows\system32\CFGMGR32.dll
0x000007fefce50000 - 0x000007fefce6a000 	C:\Windows\system32\DEVOBJ.dll
0x0000000064500000 - 0x00000000645a0000 	C:\Users\Administrator\AppData\Local\Temp\jogamp_0000\file_cache\jln3485160507985866384\jln6064348662353842198\jogl_desktop.dll
0x000007fef86f0000 - 0x000007fef8708000 	C:\Windows\system32\atig6pxx.dll
0x000000005e750000 - 0x0000000060005000 	C:\Windows\system32\atio6axx.dll
0x000007fefa7c0000 - 0x000007fefa88f000 	C:\Windows\system32\atiadlxx.dll
0x000007fefb5f0000 - 0x000007fefb71c000 	C:\Windows\system32\PROPSYS.dll
0x000007fefbf00000 - 0x000007fefbf11000 	C:\Windows\system32\WTSAPI32.dll
0x000007fefcf50000 - 0x000007fefcf8a000 	C:\Windows\system32\WINTRUST.dll
0x000007fefcf90000 - 0x000007fefd0f6000 	C:\Windows\system32\CRYPT32.dll
0x000007fefcd80000 - 0x000007fefcd8f000 	C:\Windows\system32\MSASN1.dll
0x000007fef8040000 - 0x000007fef805e000 	C:\Windows\system32\atig6txx.dll
0x0000000067480000 - 0x00000000674c6000 	C:\Program Files\Java\jre7\bin\fontmanager.dll
0x000007fee71d0000 - 0x000007fee72f5000 	C:\Windows\system32\dbghelp.dll

VM Arguments:
jvm_args: -Dfile.encoding=GBK 
java_command: com.galaxyws.aircraftdemo.Main
Launcher Type: SUN_STANDARD

Environment Variables:
JAVA_HOME=C:\Program Files\Java\jdk1.7.0_45
PATH=C:\Program Files (x86)\AMD APP\bin\x86_64;C:\Program Files (x86)\AMD APP\bin\x86;C:\Program Files (x86)\NVIDIA Corporation\PhysX\Common;C:\Program Files (x86)\PC Connectivity Solution\;C:\Windows\system32;C:\Windows;C:\Windows\System32\Wbem;C:\Windows\System32\WindowsPowerShell\v1.0\;C:\Program Files (x86)\ATI Technologies\ATI.ACE\Core-Static;C:\Program Files (x86)\Common Files\Thunder Network\KanKan\Codecs;C:\Program Files\TortoiseSVN\bin;C:\Windows\system32\wbem;C:\Program Files (x86)\IVT Corporation\BlueSoleil\Mobile;C:\Program Files\Java\jdk1.7.0_45/bin;C:\Program Files (x86)\IDM Computer Solutions\UltraEdit\;D:\soft\CMake 2.8\bin;C:\Program Files (x86)\clisp-2.49
USERNAME=Administrator
OS=Windows_NT
PROCESSOR_IDENTIFIER=AMD64 Family 16 Model 4 Stepping 3, AuthenticAMD



---------------  S Y S T E M  ---------------

OS: Windows 7 , 64 bit Build 7600 

CPU:total 2 (2 cores per cpu, 1 threads per core) family 16 model 4 stepping 3, cmov, cx8, fxsr, mmx, sse, sse2, sse3, popcnt, mmxext, 3dnowpref, lzcnt, sse4a, tsc, tscinvbit, tscinv

Memory: 4k page, physical 4193464k(1791216k free), swap 8385020k(4443680k free)

vm_info: Java HotSpot(TM) 64-Bit Server VM (24.45-b08) for windows-amd64 JRE (1.7.0_45-b18), built on Oct  8 2013 05:47:22 by "java_re" with unknown MS VC++:1600

time: Sun Dec 15 20:37:39 2013
elapsed time: 1 seconds

